<?xml version="1.0" encoding="UTF-8"?>
<!-- Generated by org.testng.reporters.JUnitXMLReporter -->
<testsuite hostname="LAPTOP-D34DC2QJ" name="Test" tests="4" failures="0" timestamp="17 Dec 2020 00:47:42 GMT" time="25.644" errors="0">
  <testcase name="loginTest01" time="3.649" classname="com.busyqa.batch16.uitests.testCases.TC01_LoginTest"/>
  <testcase name="loginTest02" time="1.676" classname="com.busyqa.batch16.uitests.testCases.TC01_LoginTest"/>
  <testcase name="loginTest03" time="1.538" classname="com.busyqa.batch16.uitests.testCases.TC01_LoginTest"/>
  <testcase name="loginTest04" time="6.017" classname="com.busyqa.batch16.uitests.testCases.TC01_LoginTest"/>
</testsuite> <!-- Test -->
